  [1m[35m (706.7ms)[0m  [1m[35mCREATE DATABASE "reddit_clone_development" ENCODING = 'unicode'[0m
  ↳ bin/rails:9
  [1m[35m (275.5ms)[0m  [1m[35mCREATE DATABASE "reddit_clone_test" ENCODING = 'unicode'[0m
  ↳ bin/rails:9
  [1m[35m (335.3ms)[0m  [1m[35mCREATE TABLE "schema_migrations" ("version" character varying NOT NULL PRIMARY KEY)[0m
  ↳ bin/rails:9
  [1m[35m (4.2ms)[0m  [1m[35mCREATE TABLE "ar_internal_metadata" ("key" character varying NOT NULL PRIMARY KEY, "value" character varying, "created_at" timestamp NOT NULL, "updated_at" timestamp NOT NULL)[0m
  ↳ bin/rails:9
  [1m[35m (37.9ms)[0m  [1m[34mSELECT pg_try_advisory_lock(688274183373989625)[0m
  ↳ bin/rails:9
  [1m[35m (13.7ms)[0m  [1m[34mSELECT "schema_migrations"."version" FROM "schema_migrations" ORDER BY "schema_migrations"."version" ASC[0m
  ↳ bin/rails:9
Migrating to CreateUsers (20190205183816)
  [1m[35m (19.9ms)[0m  [1m[35mBEGIN[0m
  ↳ bin/rails:9
  [1m[35m (87.6ms)[0m  [1m[35mCREATE TABLE "users" ("id" bigserial primary key, "username" character varying NOT NULL, "session_token" character varying NOT NULL, "password_digest" character varying NOT NULL, "created_at" timestamp NOT NULL, "updated_at" timestamp NOT NULL)[0m
  ↳ db/migrate/20190205183816_create_users.rb:3
  [1m[35m (1.1ms)[0m  [1m[35mCREATE UNIQUE INDEX  "index_users_on_username" ON "users"  ("username")[0m
  ↳ db/migrate/20190205183816_create_users.rb:10
  [1m[35m (1.1ms)[0m  [1m[35mCREATE UNIQUE INDEX  "index_users_on_session_token" ON "users"  ("session_token")[0m
  ↳ db/migrate/20190205183816_create_users.rb:11
  [1m[36mActiveRecord::SchemaMigration Create (54.7ms)[0m  [1m[32mINSERT INTO "schema_migrations" ("version") VALUES ($1) RETURNING "version"[0m  [["version", "20190205183816"]]
  ↳ bin/rails:9
  [1m[35m (0.7ms)[0m  [1m[35mCOMMIT[0m
  ↳ bin/rails:9
  [1m[36mActiveRecord::InternalMetadata Load (25.0ms)[0m  [1m[34mSELECT  "ar_internal_metadata".* FROM "ar_internal_metadata" WHERE "ar_internal_metadata"."key" = $1 LIMIT $2[0m  [["key", "environment"], ["LIMIT", 1]]
  ↳ bin/rails:9
  [1m[35m (0.2ms)[0m  [1m[35mBEGIN[0m
  ↳ bin/rails:9
  [1m[36mActiveRecord::InternalMetadata Create (3.4ms)[0m  [1m[32mINSERT INTO "ar_internal_metadata" ("key", "value", "created_at", "updated_at") VALUES ($1, $2, $3, $4) RETURNING "key"[0m  [["key", "environment"], ["value", "development"], ["created_at", "2019-02-05 18:39:49.459885"], ["updated_at", "2019-02-05 18:39:49.459885"]]
  ↳ bin/rails:9
  [1m[35m (0.5ms)[0m  [1m[35mCOMMIT[0m
  ↳ bin/rails:9
  [1m[35m (0.3ms)[0m  [1m[34mSELECT pg_advisory_unlock(688274183373989625)[0m
  ↳ bin/rails:9
  [1m[35m (0.7ms)[0m  [1m[34mSELECT "schema_migrations"."version" FROM "schema_migrations" ORDER BY "schema_migrations"."version" ASC[0m
  ↳ bin/rails:9
  [1m[35m (1.0ms)[0m  [1m[34mSELECT "schema_migrations"."version" FROM "schema_migrations" ORDER BY "schema_migrations"."version" ASC[0m
  ↳ /usr/local/var/rbenv/versions/2.5.0/bin/annotate:23
  [1m[35m (1.0ms)[0m  [1m[34mSELECT "schema_migrations"."version" FROM "schema_migrations" ORDER BY "schema_migrations"."version" ASC[0m
  ↳ /usr/local/var/rbenv/versions/2.5.0/bin/annotate:23
  [1m[35m (0.3ms)[0m  [1m[34mSELECT pg_try_advisory_lock(688274183373989625)[0m
  ↳ bin/rails:9
  [1m[35m (1.0ms)[0m  [1m[34mSELECT "schema_migrations"."version" FROM "schema_migrations" ORDER BY "schema_migrations"."version" ASC[0m
  ↳ bin/rails:9
Migrating to CreateSubs (20190205194055)
  [1m[35m (0.3ms)[0m  [1m[35mBEGIN[0m
  ↳ bin/rails:9
  [1m[35m (30.8ms)[0m  [1m[35mCREATE TABLE "subs" ("id" bigserial primary key, "title" character varying NOT NULL, "description" text NOT NULL, "user_id" integer NOT NULL, "created_at" timestamp NOT NULL, "updated_at" timestamp NOT NULL)[0m
  ↳ db/migrate/20190205194055_create_subs.rb:3
  [1m[35m (1.6ms)[0m  [1m[35mCREATE  INDEX  "index_subs_on_title" ON "subs"  ("title")[0m
  ↳ db/migrate/20190205194055_create_subs.rb:11
  [1m[35m (1.2ms)[0m  [1m[35mCREATE  INDEX  "index_subs_on_user_id" ON "subs"  ("user_id")[0m
  ↳ db/migrate/20190205194055_create_subs.rb:12
  [1m[36mActiveRecord::SchemaMigration Create (0.6ms)[0m  [1m[32mINSERT INTO "schema_migrations" ("version") VALUES ($1) RETURNING "version"[0m  [["version", "20190205194055"]]
  ↳ bin/rails:9
  [1m[35m (27.0ms)[0m  [1m[35mCOMMIT[0m
  ↳ bin/rails:9
  [1m[36mActiveRecord::InternalMetadata Load (13.3ms)[0m  [1m[34mSELECT  "ar_internal_metadata".* FROM "ar_internal_metadata" WHERE "ar_internal_metadata"."key" = $1 LIMIT $2[0m  [["key", "environment"], ["LIMIT", 1]]
  ↳ bin/rails:9
  [1m[35m (0.3ms)[0m  [1m[35mBEGIN[0m
  ↳ bin/rails:9
  [1m[35m (0.2ms)[0m  [1m[35mCOMMIT[0m
  ↳ bin/rails:9
  [1m[35m (0.3ms)[0m  [1m[34mSELECT pg_advisory_unlock(688274183373989625)[0m
  ↳ bin/rails:9
  [1m[35m (0.3ms)[0m  [1m[34mSELECT "schema_migrations"."version" FROM "schema_migrations" ORDER BY "schema_migrations"."version" ASC[0m
  ↳ bin/rails:9
  [1m[35m (1.1ms)[0m  [1m[34mSELECT "schema_migrations"."version" FROM "schema_migrations" ORDER BY "schema_migrations"."version" ASC[0m
  ↳ /usr/local/var/rbenv/versions/2.5.0/bin/annotate:23
  [1m[35m (0.3ms)[0m  [1m[34mSELECT pg_try_advisory_lock(688274183373989625)[0m
  ↳ bin/rails:9
  [1m[35m (1.5ms)[0m  [1m[34mSELECT "schema_migrations"."version" FROM "schema_migrations" ORDER BY "schema_migrations"."version" ASC[0m
  ↳ bin/rails:9
Migrating to CreatePosts (20190205200800)
  [1m[35m (0.3ms)[0m  [1m[35mBEGIN[0m
  ↳ bin/rails:9
  [1m[35m (19.9ms)[0m  [1m[35mCREATE TABLE "posts" ("id" bigserial primary key, "title" character varying NOT NULL, "url" character varying, "content" character varying, "sub_id" integer NOT NULL, "author_id" integer NOT NULL, "created_at" timestamp NOT NULL, "updated_at" timestamp NOT NULL)[0m
  ↳ db/migrate/20190205200800_create_posts.rb:3
  [1m[35m (1.2ms)[0m  [1m[35mCREATE  INDEX  "index_posts_on_sub_id" ON "posts"  ("sub_id")[0m
  ↳ db/migrate/20190205200800_create_posts.rb:13
  [1m[35m (1.1ms)[0m  [1m[35mCREATE  INDEX  "index_posts_on_author_id" ON "posts"  ("author_id")[0m
  ↳ db/migrate/20190205200800_create_posts.rb:14
  [1m[36mActiveRecord::SchemaMigration Create (0.9ms)[0m  [1m[32mINSERT INTO "schema_migrations" ("version") VALUES ($1) RETURNING "version"[0m  [["version", "20190205200800"]]
  ↳ bin/rails:9
  [1m[35m (39.8ms)[0m  [1m[35mCOMMIT[0m
  ↳ bin/rails:9
  [1m[36mActiveRecord::InternalMetadata Load (0.5ms)[0m  [1m[34mSELECT  "ar_internal_metadata".* FROM "ar_internal_metadata" WHERE "ar_internal_metadata"."key" = $1 LIMIT $2[0m  [["key", "environment"], ["LIMIT", 1]]
  ↳ bin/rails:9
  [1m[35m (0.2ms)[0m  [1m[35mBEGIN[0m
  ↳ bin/rails:9
  [1m[35m (0.2ms)[0m  [1m[35mCOMMIT[0m
  ↳ bin/rails:9
  [1m[35m (0.3ms)[0m  [1m[34mSELECT pg_advisory_unlock(688274183373989625)[0m
  ↳ bin/rails:9
  [1m[35m (0.3ms)[0m  [1m[34mSELECT "schema_migrations"."version" FROM "schema_migrations" ORDER BY "schema_migrations"."version" ASC[0m
  ↳ bin/rails:9
  [1m[35m (1.3ms)[0m  [1m[34mSELECT "schema_migrations"."version" FROM "schema_migrations" ORDER BY "schema_migrations"."version" ASC[0m
  ↳ /usr/local/var/rbenv/versions/2.5.0/bin/annotate:23
Started GET "/" for 127.0.0.1 at 2019-02-05 14:03:27 -0800
  [1m[35m (1.0ms)[0m  [1m[34mSELECT "schema_migrations"."version" FROM "schema_migrations" ORDER BY "schema_migrations"."version" ASC[0m
  ↳ /usr/local/var/rbenv/versions/2.5.0/lib/ruby/gems/2.5.0/gems/activerecord-5.2.2/lib/active_record/log_subscriber.rb:98
Processing by Rails::WelcomeController#index as HTML
  Rendering /usr/local/var/rbenv/versions/2.5.0/lib/ruby/gems/2.5.0/gems/railties-5.2.2/lib/rails/templates/rails/welcome/index.html.erb
  Rendered /usr/local/var/rbenv/versions/2.5.0/lib/ruby/gems/2.5.0/gems/railties-5.2.2/lib/rails/templates/rails/welcome/index.html.erb (28.5ms)
Completed 200 OK in 112ms (Views: 61.0ms | ActiveRecord: 0.0ms)


Started GET "/subs" for 127.0.0.1 at 2019-02-05 14:03:35 -0800
Processing by SubsController#index as HTML
  Rendering subs/index.html.erb within layouts/application
  [1m[36mSub Load (25.9ms)[0m  [1m[34mSELECT "subs".* FROM "subs"[0m
  ↳ app/views/subs/index.html.erb:4
  Rendered subs/index.html.erb within layouts/application (30.4ms)
Completed 200 OK in 1184ms (Views: 1139.1ms | ActiveRecord: 28.4ms)


Started GET "/session/new" for 127.0.0.1 at 2019-02-05 14:03:39 -0800
Processing by SessionsController#new as HTML
  Rendering sessions/new.html.erb within layouts/application
  Rendered sessions/new.html.erb within layouts/application (0.8ms)
Completed 200 OK in 73ms (Views: 72.1ms | ActiveRecord: 0.0ms)


Started GET "/users/new" for 127.0.0.1 at 2019-02-05 14:03:44 -0800
Processing by UsersController#new as HTML
  Rendering users/new.html.erb within layouts/application
  Rendered users/new.html.erb within layouts/application (0.8ms)
Completed 200 OK in 88ms (Views: 87.5ms | ActiveRecord: 0.0ms)


Started POST "/users" for 127.0.0.1 at 2019-02-05 14:03:52 -0800
Processing by UsersController#create as HTML
  Parameters: {"authenticity_token"=>"CRc6uvSdvBmiT2A3n66l0BxyUToyQx6MNUwZlqERYIjgL/r+wO2Sa0HxSesal62tGKXRWqVdkUiVQP2q093qAQ==", "user"=>{"username"=>"Tamir", "password"=>"[FILTERED]"}}
  [1m[35m (0.2ms)[0m  [1m[35mBEGIN[0m
  ↳ app/controllers/users_controller.rb:9
  [1m[36mUser Exists (3.9ms)[0m  [1m[34mSELECT  1 AS one FROM "users" WHERE "users"."username" = $1 LIMIT $2[0m  [["username", "Tamir"], ["LIMIT", 1]]
  ↳ app/controllers/users_controller.rb:9
  [1m[36mUser Exists (0.6ms)[0m  [1m[34mSELECT  1 AS one FROM "users" WHERE "users"."session_token" = $1 LIMIT $2[0m  [["session_token", "FxRkExefoguRTqRNUd-5cA"], ["LIMIT", 1]]
  ↳ app/controllers/users_controller.rb:9
  [1m[36mUser Create (1.3ms)[0m  [1m[32mINSERT INTO "users" ("username", "session_token", "password_digest", "created_at", "updated_at") VALUES ($1, $2, $3, $4, $5) RETURNING "id"[0m  [["username", "Tamir"], ["session_token", "FxRkExefoguRTqRNUd-5cA"], ["password_digest", "$2a$10$Md3xFnXAD5764mZwVTIjmO.EGqFkAqg4dIT.1lTeodJ08.QnfekMi"], ["created_at", "2019-02-05 22:03:52.364146"], ["updated_at", "2019-02-05 22:03:52.364146"]]
  ↳ app/controllers/users_controller.rb:9
  [1m[35m (27.3ms)[0m  [1m[35mCOMMIT[0m
  ↳ app/controllers/users_controller.rb:9
  [1m[35m (0.2ms)[0m  [1m[35mBEGIN[0m
  ↳ app/models/user.rb:38
  [1m[36mUser Exists (0.8ms)[0m  [1m[34mSELECT  1 AS one FROM "users" WHERE "users"."username" = $1 AND "users"."id" != $2 LIMIT $3[0m  [["username", "Tamir"], ["id", 1], ["LIMIT", 1]]
  ↳ app/models/user.rb:38
  [1m[36mUser Exists (0.5ms)[0m  [1m[34mSELECT  1 AS one FROM "users" WHERE "users"."session_token" = $1 AND "users"."id" != $2 LIMIT $3[0m  [["session_token", "cL0hphlR4-NnCMsfUnrhAQ"], ["id", 1], ["LIMIT", 1]]
  ↳ app/models/user.rb:38
  [1m[36mUser Update (36.1ms)[0m  [1m[33mUPDATE "users" SET "session_token" = $1, "updated_at" = $2 WHERE "users"."id" = $3[0m  [["session_token", "cL0hphlR4-NnCMsfUnrhAQ"], ["updated_at", "2019-02-05 22:03:52.402266"], ["id", 1]]
  ↳ app/models/user.rb:38
  [1m[35m (0.7ms)[0m  [1m[35mCOMMIT[0m
  ↳ app/models/user.rb:38
No template found for UsersController#create, rendering head :no_content
Completed 204 No Content in 396ms (ActiveRecord: 85.8ms)


Started POST "/users" for 127.0.0.1 at 2019-02-05 14:04:50 -0800
Processing by UsersController#create as HTML
  Parameters: {"authenticity_token"=>"CRc6uvSdvBmiT2A3n66l0BxyUToyQx6MNUwZlqERYIjgL/r+wO2Sa0HxSesal62tGKXRWqVdkUiVQP2q093qAQ==", "user"=>{"username"=>"Tamir", "password"=>"[FILTERED]"}}
  [1m[35m (0.3ms)[0m  [1m[35mBEGIN[0m
  ↳ app/controllers/users_controller.rb:9
  [1m[36mUser Exists (0.7ms)[0m  [1m[34mSELECT  1 AS one FROM "users" WHERE "users"."username" = $1 LIMIT $2[0m  [["username", "Tamir"], ["LIMIT", 1]]
  ↳ app/controllers/users_controller.rb:9
  [1m[36mUser Exists (0.7ms)[0m  [1m[34mSELECT  1 AS one FROM "users" WHERE "users"."session_token" = $1 LIMIT $2[0m  [["session_token", "I1F1mP27BOjsqJl6HdbztA"], ["LIMIT", 1]]
  ↳ app/controllers/users_controller.rb:9
  [1m[35m (23.3ms)[0m  [1m[31mROLLBACK[0m
  ↳ app/controllers/users_controller.rb:9
  Rendering users/new.html.erb within layouts/application
  Rendered users/new.html.erb within layouts/application (0.6ms)
Completed 200 OK in 313ms (Views: 62.9ms | ActiveRecord: 30.9ms)


Started GET "/session/new" for 127.0.0.1 at 2019-02-05 14:04:52 -0800
Processing by SessionsController#new as HTML
  Rendering sessions/new.html.erb within layouts/application
  Rendered sessions/new.html.erb within layouts/application (0.7ms)
Completed 200 OK in 98ms (Views: 97.2ms | ActiveRecord: 0.0ms)


Started POST "/session" for 127.0.0.1 at 2019-02-05 14:04:58 -0800
Processing by SessionsController#create as HTML
  Parameters: {"authenticity_token"=>"qDBIUiTo9hu9AiXwt07YGFtNSHk/Q49/e72bmNG6s5tBCIgWEJjYaV68DCwyd9BlX5rIGahdALvbsX+ko3Y5Eg==", "user"=>{"username"=>"tkarssli", "password"=>"[FILTERED]"}}
  [1m[36mUser Load (0.5ms)[0m  [1m[34mSELECT  "users".* FROM "users" WHERE "users"."username" = $1 LIMIT $2[0m  [["username", "tkarssli"], ["LIMIT", 1]]
  ↳ app/models/user.rb:25
Completed 500 Internal Server Error in 7ms (ActiveRecord: 0.8ms)



NoMethodError - undefined method `new' for #<ActionDispatch::Flash::FlashHash:0x00007fbb31598f00>
Did you mean?  now:
  app/controllers/sessions_controller.rb:12:in `create'

Started POST "/__better_errors/60e3db6345945ab0/variables" for 127.0.0.1 at 2019-02-05 14:04:58 -0800
Started POST "/session" for 127.0.0.1 at 2019-02-05 14:05:22 -0800
Processing by SessionsController#create as HTML
  Parameters: {"authenticity_token"=>"Ui1bMUmnVvi4nqWjn8XLXNXGaTs+qOELMbRYZUJ6YTO7FZt1fdd4ilsgjH8a/MMh0RHpW6m2bs+RuLxZMLbrug==", "user"=>{"username"=>"tkarssli", "password"=>"[FILTERED]"}}
  [1m[36mUser Load (0.9ms)[0m  [1m[34mSELECT  "users".* FROM "users" WHERE "users"."username" = $1 LIMIT $2[0m  [["username", "tkarssli"], ["LIMIT", 1]]
  ↳ app/models/user.rb:25
  Rendering sessions/new.html.erb within layouts/application
  Rendered sessions/new.html.erb within layouts/application (0.9ms)
Completed 500 Internal Server Error in 117ms (ActiveRecord: 3.3ms)



NoMethodError - undefined method `join' for "invalid username/password":String:
  app/views/layouts/application.html.erb:22:in `_app_views_layouts_application_html_erb__336597860361706894_70221024598280'
  app/controllers/sessions_controller.rb:13:in `create'

Started POST "/__better_errors/6639e1edd861f2e2/variables" for 127.0.0.1 at 2019-02-05 14:05:23 -0800
Started POST "/session" for 127.0.0.1 at 2019-02-05 14:05:56 -0800
Processing by SessionsController#create as HTML
  Parameters: {"authenticity_token"=>"Ui1bMUmnVvi4nqWjn8XLXNXGaTs+qOELMbRYZUJ6YTO7FZt1fdd4ilsgjH8a/MMh0RHpW6m2bs+RuLxZMLbrug==", "user"=>{"username"=>"tkarssli", "password"=>"[FILTERED]"}}
  [1m[36mUser Load (0.8ms)[0m  [1m[34mSELECT  "users".* FROM "users" WHERE "users"."username" = $1 LIMIT $2[0m  [["username", "tkarssli"], ["LIMIT", 1]]
  ↳ app/models/user.rb:25
  Rendering sessions/new.html.erb within layouts/application
  Rendered sessions/new.html.erb within layouts/application (0.7ms)
Completed 200 OK in 52ms (Views: 48.1ms | ActiveRecord: 0.8ms)


Started POST "/session" for 127.0.0.1 at 2019-02-05 14:06:06 -0800
Processing by SessionsController#create as HTML
  Parameters: {"authenticity_token"=>"8Pup4eiT87VDw2AG5i0SpS2Me/U2w6GwjukvrJonsgEZw2ml3OPdx6B9SdpjFBrYKVv7laHdLnQu5cuQ6Os4iA==", "user"=>{"username"=>"Tamir", "password"=>"[FILTERED]"}}
  [1m[36mUser Load (0.5ms)[0m  [1m[34mSELECT  "users".* FROM "users" WHERE "users"."username" = $1 LIMIT $2[0m  [["username", "Tamir"], ["LIMIT", 1]]
  ↳ app/models/user.rb:25
  [1m[35m (0.2ms)[0m  [1m[35mBEGIN[0m
  ↳ app/models/user.rb:38
  [1m[36mUser Exists (0.5ms)[0m  [1m[34mSELECT  1 AS one FROM "users" WHERE "users"."username" = $1 AND "users"."id" != $2 LIMIT $3[0m  [["username", "Tamir"], ["id", 1], ["LIMIT", 1]]
  ↳ app/models/user.rb:38
  [1m[36mUser Exists (0.5ms)[0m  [1m[34mSELECT  1 AS one FROM "users" WHERE "users"."session_token" = $1 AND "users"."id" != $2 LIMIT $3[0m  [["session_token", "2IH0e0rgP4iP6n6IsyTbQg"], ["id", 1], ["LIMIT", 1]]
  ↳ app/models/user.rb:38
  [1m[36mUser Update (0.5ms)[0m  [1m[33mUPDATE "users" SET "session_token" = $1, "updated_at" = $2 WHERE "users"."id" = $3[0m  [["session_token", "2IH0e0rgP4iP6n6IsyTbQg"], ["updated_at", "2019-02-05 22:06:07.144234"], ["id", 1]]
  ↳ app/models/user.rb:38
  [1m[35m (0.7ms)[0m  [1m[35mCOMMIT[0m
  ↳ app/models/user.rb:38
  Rendering sessions/create.html.erb within layouts/application
  Rendered sessions/create.html.erb within layouts/application (0.4ms)
Completed 200 OK in 261ms (Views: 60.9ms | ActiveRecord: 10.4ms)


Started GET "/subs" for 127.0.0.1 at 2019-02-05 14:06:22 -0800
Processing by SubsController#index as HTML
  Rendering subs/index.html.erb within layouts/application
  [1m[36mSub Load (0.8ms)[0m  [1m[34mSELECT "subs".* FROM "subs"[0m
  ↳ app/views/subs/index.html.erb:4
  Rendered subs/index.html.erb within layouts/application (6.9ms)
Completed 200 OK in 77ms (Views: 41.2ms | ActiveRecord: 4.6ms)


Started GET "/subs" for 127.0.0.1 at 2019-02-05 14:11:38 -0800
Processing by SubsController#index as HTML
  Rendering subs/index.html.erb within layouts/application
  [1m[36mSub Load (2.0ms)[0m  [1m[34mSELECT "subs".* FROM "subs"[0m
  ↳ app/views/subs/index.html.erb:4
  Rendered subs/index.html.erb within layouts/application (13.6ms)
Completed 200 OK in 149ms (Views: 137.8ms | ActiveRecord: 9.7ms)


Started GET "/subs/new" for 127.0.0.1 at 2019-02-05 14:11:44 -0800
Processing by SubsController#new as HTML
  [1m[36mUser Load (0.8ms)[0m  [1m[34mSELECT  "users".* FROM "users" WHERE "users"."session_token" = $1 LIMIT $2[0m  [["session_token", "2IH0e0rgP4iP6n6IsyTbQg"], ["LIMIT", 1]]
  ↳ app/controllers/application_controller.rb:5
  Rendering subs/new.html.erb within layouts/application
  Rendered subs/new.html.erb within layouts/application (0.8ms)
Completed 200 OK in 144ms (Views: 47.1ms | ActiveRecord: 14.2ms)


Started GET "/subs/new" for 127.0.0.1 at 2019-02-05 14:12:12 -0800
Processing by SubsController#new as HTML
  [1m[36mUser Load (0.6ms)[0m  [1m[34mSELECT  "users".* FROM "users" WHERE "users"."session_token" = $1 LIMIT $2[0m  [["session_token", "2IH0e0rgP4iP6n6IsyTbQg"], ["LIMIT", 1]]
  ↳ app/controllers/application_controller.rb:5
  Rendering subs/new.html.erb within layouts/application
  Rendered subs/new.html.erb within layouts/application (1.4ms)
Completed 200 OK in 65ms (Views: 61.7ms | ActiveRecord: 0.6ms)


Started POST "/subs" for 127.0.0.1 at 2019-02-05 14:12:37 -0800
Processing by SubsController#create as HTML
  Parameters: {"authenticity_token"=>"e4uCmbZPLQItJJDI2o8SZ01Nx3kWfpvuL699jCXQbQmSs0Ldgj8DcM6auRRfthoaSZpHGYFgFCqPo5mwVxzngA==", "sub"=>{"title"=>"WORK OUT", "description"=>"tamir work out"}}
  [1m[36mUser Load (0.7ms)[0m  [1m[34mSELECT  "users".* FROM "users" WHERE "users"."session_token" = $1 LIMIT $2[0m  [["session_token", "2IH0e0rgP4iP6n6IsyTbQg"], ["LIMIT", 1]]
  ↳ app/controllers/application_controller.rb:5
  [1m[35m (0.4ms)[0m  [1m[35mBEGIN[0m
  ↳ app/controllers/subs_controller.rb:7
  [1m[36mUser Load (0.5ms)[0m  [1m[34mSELECT  "users".* FROM "users" WHERE "users"."id" = $1 LIMIT $2[0m  [["id", 1], ["LIMIT", 1]]
  ↳ app/controllers/subs_controller.rb:7
  [1m[36mSub Create (17.4ms)[0m  [1m[32mINSERT INTO "subs" ("title", "description", "user_id", "created_at", "updated_at") VALUES ($1, $2, $3, $4, $5) RETURNING "id"[0m  [["title", "WORK OUT"], ["description", "tamir work out"], ["user_id", 1], ["created_at", "2019-02-05 22:12:37.957614"], ["updated_at", "2019-02-05 22:12:37.957614"]]
  ↳ app/controllers/subs_controller.rb:7
  [1m[35m (0.5ms)[0m  [1m[35mCOMMIT[0m
  ↳ app/controllers/subs_controller.rb:7
Completed 500 Internal Server Error in 412ms (ActiveRecord: 19.5ms)



NameError - undefined local variable or method `redirect' for #<SubsController:0x00007fbb38022c68>
Did you mean?  redirect_to:
  app/controllers/subs_controller.rb:8:in `create'

Started POST "/__better_errors/2752953cbefb1cc2/variables" for 127.0.0.1 at 2019-02-05 14:12:38 -0800
Started POST "/subs" for 127.0.0.1 at 2019-02-05 14:13:06 -0800
Processing by SubsController#create as HTML
  Parameters: {"authenticity_token"=>"e4uCmbZPLQItJJDI2o8SZ01Nx3kWfpvuL699jCXQbQmSs0Ldgj8DcM6auRRfthoaSZpHGYFgFCqPo5mwVxzngA==", "sub"=>{"title"=>"WORK OUT", "description"=>"tamir work out"}}
  [1m[36mUser Load (0.8ms)[0m  [1m[34mSELECT  "users".* FROM "users" WHERE "users"."session_token" = $1 LIMIT $2[0m  [["session_token", "2IH0e0rgP4iP6n6IsyTbQg"], ["LIMIT", 1]]
  ↳ app/controllers/application_controller.rb:5
  [1m[35m (0.2ms)[0m  [1m[35mBEGIN[0m
  ↳ app/controllers/subs_controller.rb:7
  [1m[36mUser Load (0.6ms)[0m  [1m[34mSELECT  "users".* FROM "users" WHERE "users"."id" = $1 LIMIT $2[0m  [["id", 1], ["LIMIT", 1]]
  ↳ app/controllers/subs_controller.rb:7
  [1m[36mSub Create (0.5ms)[0m  [1m[32mINSERT INTO "subs" ("title", "description", "user_id", "created_at", "updated_at") VALUES ($1, $2, $3, $4, $5) RETURNING "id"[0m  [["title", "WORK OUT"], ["description", "tamir work out"], ["user_id", 1], ["created_at", "2019-02-05 22:13:06.958765"], ["updated_at", "2019-02-05 22:13:06.958765"]]
  ↳ app/controllers/subs_controller.rb:7
  [1m[35m (0.4ms)[0m  [1m[35mCOMMIT[0m
  ↳ app/controllers/subs_controller.rb:7
Redirected to http://localhost:3000/subs/2
Completed 302 Found in 153ms (ActiveRecord: 17.3ms)


Started GET "/subs/2" for 127.0.0.1 at 2019-02-05 14:13:06 -0800
Processing by SubsController#show as HTML
  Parameters: {"id"=>"2"}
Completed 500 Internal Server Error in 2ms (ActiveRecord: 0.0ms)



NoMethodError - undefined method `find' for nil:NilClass:
  app/controllers/subs_controller.rb:26:in `show'

Started POST "/__better_errors/0a2803a80c88b352/variables" for 127.0.0.1 at 2019-02-05 14:13:07 -0800
Started GET "/subs/2" for 127.0.0.1 at 2019-02-05 14:13:31 -0800
Processing by SubsController#show as HTML
  Parameters: {"id"=>"2"}
  [1m[36mSub Load (1.0ms)[0m  [1m[34mSELECT  "subs".* FROM "subs" WHERE "subs"."id" = $1 LIMIT $2[0m  [["id", 2], ["LIMIT", 1]]
  ↳ app/controllers/subs_controller.rb:26
  Rendering subs/show.html.erb within layouts/application
  Rendered subs/show.html.erb within layouts/application (0.9ms)
Completed 200 OK in 142ms (Views: 119.9ms | ActiveRecord: 6.9ms)


Started GET "/subs/2" for 127.0.0.1 at 2019-02-05 14:16:30 -0800
Processing by SubsController#show as HTML
  Parameters: {"id"=>"2"}
  [1m[36mSub Load (0.6ms)[0m  [1m[34mSELECT  "subs".* FROM "subs" WHERE "subs"."id" = $1 LIMIT $2[0m  [["id", 2], ["LIMIT", 1]]
  ↳ app/controllers/subs_controller.rb:26
  Rendering subs/show.html.erb within layouts/application
  Rendered subs/show.html.erb within layouts/application (0.9ms)
Completed 200 OK in 30ms (Views: 27.2ms | ActiveRecord: 0.6ms)


Started GET "/posts/new" for 127.0.0.1 at 2019-02-05 14:16:34 -0800
Processing by PostsController#new as HTML
  [1m[36mUser Load (0.5ms)[0m  [1m[34mSELECT  "users".* FROM "users" WHERE "users"."session_token" = $1 LIMIT $2[0m  [["session_token", "2IH0e0rgP4iP6n6IsyTbQg"], ["LIMIT", 1]]
  ↳ app/controllers/application_controller.rb:5
  Rendering posts/new.html.erb within layouts/application
  Rendered posts/new.html.erb within layouts/application (0.4ms)
Completed 200 OK in 96ms (Views: 34.4ms | ActiveRecord: 14.4ms)


Started GET "/posts/new" for 127.0.0.1 at 2019-02-05 14:30:37 -0800
Processing by PostsController#new as HTML
  [1m[36mUser Load (1.6ms)[0m  [1m[34mSELECT  "users".* FROM "users" WHERE "users"."session_token" = $1 LIMIT $2[0m  [["session_token", "2IH0e0rgP4iP6n6IsyTbQg"], ["LIMIT", 1]]
  ↳ app/controllers/application_controller.rb:5
  Rendering posts/new.html.erb within layouts/application
  Rendered posts/new.html.erb within layouts/application (198.7ms)
Completed 500 Internal Server Error in 233ms (ActiveRecord: 7.9ms)



NoMethodError - undefined method `sub_posts' for #<#<Class:0x00007fbb31f74600>:0x00007fbb31519b60>
Did you mean?  sub_path:
  app/views/posts/new.html.erb:3:in `_app_views_posts_new_html_erb__1039546820269398696_70220981519280'
  app/controllers/posts_controller.rb:6:in `new'

Started POST "/__better_errors/6942faebbc686af9/variables" for 127.0.0.1 at 2019-02-05 14:30:38 -0800
Started GET "/posts/new" for 127.0.0.1 at 2019-02-05 14:30:55 -0800
Processing by PostsController#new as HTML
  [1m[36mUser Load (1.2ms)[0m  [1m[34mSELECT  "users".* FROM "users" WHERE "users"."session_token" = $1 LIMIT $2[0m  [["session_token", "2IH0e0rgP4iP6n6IsyTbQg"], ["LIMIT", 1]]
  ↳ app/controllers/application_controller.rb:5
  Rendering posts/new.html.erb within layouts/application
  Rendered posts/new.html.erb within layouts/application (6.9ms)
Completed 500 Internal Server Error in 25ms (ActiveRecord: 1.2ms)



ActionController::UrlGenerationError - No route matches {:action=>"create", :controller=>"posts", :sub_id=>nil}, missing required keys: [:sub_id]:
  app/views/posts/new.html.erb:3:in `_app_views_posts_new_html_erb__1039546820269398696_70220981720660'
  app/controllers/posts_controller.rb:6:in `new'

Started POST "/__better_errors/0a3bba5a13262e8f/variables" for 127.0.0.1 at 2019-02-05 14:30:55 -0800
Started GET "/posts/new" for 127.0.0.1 at 2019-02-05 14:31:20 -0800
Processing by PostsController#new as HTML
  [1m[36mUser Load (0.8ms)[0m  [1m[34mSELECT  "users".* FROM "users" WHERE "users"."session_token" = $1 LIMIT $2[0m  [["session_token", "2IH0e0rgP4iP6n6IsyTbQg"], ["LIMIT", 1]]
  ↳ app/controllers/application_controller.rb:5
  Rendering posts/new.html.erb within layouts/application
  Rendered posts/new.html.erb within layouts/application (5.3ms)
Completed 500 Internal Server Error in 29ms (ActiveRecord: 0.8ms)



ActionController::UrlGenerationError - No route matches {:action=>"create", :controller=>"posts"}, missing required keys: [:sub_id]:
  app/views/posts/new.html.erb:3:in `_app_views_posts_new_html_erb__1039546820269398696_70221024257900'
  app/controllers/posts_controller.rb:6:in `new'

Started POST "/__better_errors/5c15794741fa8dfb/variables" for 127.0.0.1 at 2019-02-05 14:31:20 -0800
Started GET "/posts/new" for 127.0.0.1 at 2019-02-05 14:32:13 -0800
Processing by PostsController#new as HTML
  [1m[36mUser Load (3.9ms)[0m  [1m[34mSELECT  "users".* FROM "users" WHERE "users"."session_token" = $1 LIMIT $2[0m  [["session_token", "2IH0e0rgP4iP6n6IsyTbQg"], ["LIMIT", 1]]
  ↳ app/controllers/application_controller.rb:5
  Rendering posts/new.html.erb within layouts/application
  Rendered posts/new.html.erb within layouts/application (7.4ms)
Completed 500 Internal Server Error in 27ms (ActiveRecord: 3.9ms)



ActionController::UrlGenerationError - No route matches {:action=>"create", :controller=>"posts", :sub_id=>nil}, missing required keys: [:sub_id]:
  app/views/posts/new.html.erb:3:in `_app_views_posts_new_html_erb__1039546820269398696_70221024874420'
  app/controllers/posts_controller.rb:6:in `new'

Started POST "/__better_errors/3167279e1a41ceaf/variables" for 127.0.0.1 at 2019-02-05 14:32:14 -0800
Started GET "/posts/new" for 127.0.0.1 at 2019-02-05 14:32:31 -0800
Processing by PostsController#new as HTML
  [1m[36mUser Load (1.7ms)[0m  [1m[34mSELECT  "users".* FROM "users" WHERE "users"."session_token" = $1 LIMIT $2[0m  [["session_token", "2IH0e0rgP4iP6n6IsyTbQg"], ["LIMIT", 1]]
  ↳ app/controllers/application_controller.rb:5
  Rendering posts/new.html.erb within layouts/application
  Rendered posts/new.html.erb within layouts/application (0.9ms)
Completed 200 OK in 134ms (Views: 128.8ms | ActiveRecord: 1.7ms)


Started GET "/posts/new" for 127.0.0.1 at 2019-02-05 14:32:44 -0800
Processing by PostsController#new as HTML
  [1m[36mUser Load (1.2ms)[0m  [1m[34mSELECT  "users".* FROM "users" WHERE "users"."session_token" = $1 LIMIT $2[0m  [["session_token", "2IH0e0rgP4iP6n6IsyTbQg"], ["LIMIT", 1]]
  ↳ app/controllers/application_controller.rb:5
  Rendering posts/new.html.erb within layouts/application
  Rendered posts/new.html.erb within layouts/application (8.3ms)
Completed 500 Internal Server Error in 23ms (ActiveRecord: 1.2ms)



ActionController::UrlGenerationError - No route matches {:action=>"create", :controller=>"posts", :sub_id=>nil}, missing required keys: [:sub_id]:
  app/views/posts/new.html.erb:3:in `_app_views_posts_new_html_erb__1039546820269398696_70220981439480'
  app/controllers/posts_controller.rb:6:in `new'

Started POST "/__better_errors/ed4e8db420fe9e7a/variables" for 127.0.0.1 at 2019-02-05 14:32:44 -0800
Started POST "/__better_errors/ed4e8db420fe9e7a/eval" for 127.0.0.1 at 2019-02-05 14:32:50 -0800
Started POST "/__better_errors/ed4e8db420fe9e7a/eval" for 127.0.0.1 at 2019-02-05 14:33:00 -0800
Started GET "/posts/new" for 127.0.0.1 at 2019-02-05 14:33:49 -0800
Processing by PostsController#new as HTML
  [1m[36mUser Load (0.9ms)[0m  [1m[34mSELECT  "users".* FROM "users" WHERE "users"."session_token" = $1 LIMIT $2[0m  [["session_token", "2IH0e0rgP4iP6n6IsyTbQg"], ["LIMIT", 1]]
  ↳ app/controllers/application_controller.rb:5
  Rendering posts/new.html.erb within layouts/application
  Rendered posts/new.html.erb within layouts/application (8.9ms)
Completed 500 Internal Server Error in 32ms (ActiveRecord: 0.9ms)



ActionController::UrlGenerationError - No route matches {:action=>"create", :controller=>"posts"}, missing required keys: [:sub_id]:
  app/views/posts/new.html.erb:3:in `_app_views_posts_new_html_erb__1039546820269398696_70220981801520'
  app/controllers/posts_controller.rb:6:in `new'

Started POST "/__better_errors/62896d5110ea7c36/variables" for 127.0.0.1 at 2019-02-05 14:33:49 -0800
Started GET "/posts/new" for 127.0.0.1 at 2019-02-05 14:33:58 -0800
Processing by PostsController#new as HTML
  [1m[36mUser Load (0.4ms)[0m  [1m[34mSELECT  "users".* FROM "users" WHERE "users"."session_token" = $1 LIMIT $2[0m  [["session_token", "2IH0e0rgP4iP6n6IsyTbQg"], ["LIMIT", 1]]
  ↳ app/controllers/application_controller.rb:5
  Rendering posts/new.html.erb within layouts/application
  Rendered posts/new.html.erb within layouts/application (4.1ms)
Completed 500 Internal Server Error in 73ms (ActiveRecord: 14.7ms)



ActionController::UrlGenerationError - No route matches {:action=>"create", :controller=>"posts"}, missing required keys: [:sub_id]:
  app/views/posts/new.html.erb:3:in `_app_views_posts_new_html_erb__1039546820269398696_70221037607900'
  app/controllers/posts_controller.rb:6:in `new'

Started POST "/__better_errors/5b9d098948ee87d4/variables" for 127.0.0.1 at 2019-02-05 14:33:59 -0800
Started GET "/posts/new" for 127.0.0.1 at 2019-02-05 14:34:00 -0800
Processing by PostsController#new as HTML
  [1m[36mUser Load (0.9ms)[0m  [1m[34mSELECT  "users".* FROM "users" WHERE "users"."session_token" = $1 LIMIT $2[0m  [["session_token", "2IH0e0rgP4iP6n6IsyTbQg"], ["LIMIT", 1]]
  ↳ app/controllers/application_controller.rb:5
  Rendering posts/new.html.erb within layouts/application
  Rendered posts/new.html.erb within layouts/application (6.3ms)
Completed 500 Internal Server Error in 22ms (ActiveRecord: 0.9ms)



ActionController::UrlGenerationError - No route matches {:action=>"create", :controller=>"posts"}, missing required keys: [:sub_id]:
  app/views/posts/new.html.erb:3:in `_app_views_posts_new_html_erb__1039546820269398696_70220990279560'
  app/controllers/posts_controller.rb:6:in `new'

Started POST "/__better_errors/abc258d25e94f3d5/variables" for 127.0.0.1 at 2019-02-05 14:34:00 -0800
Started GET "/posts/new" for 127.0.0.1 at 2019-02-05 14:34:19 -0800
Processing by PostsController#new as HTML
  [1m[36mUser Load (0.7ms)[0m  [1m[34mSELECT  "users".* FROM "users" WHERE "users"."session_token" = $1 LIMIT $2[0m  [["session_token", "2IH0e0rgP4iP6n6IsyTbQg"], ["LIMIT", 1]]
  ↳ app/controllers/application_controller.rb:5
  Rendering posts/new.html.erb within layouts/application
  Rendered posts/new.html.erb within layouts/application (11.7ms)
Completed 500 Internal Server Error in 53ms (ActiveRecord: 14.8ms)



ActionController::UrlGenerationError - No route matches {:action=>"create", :controller=>"posts"}, missing required keys: [:sub_id]:
  app/views/posts/new.html.erb:3:in `_app_views_posts_new_html_erb__1039546820269398696_70220989327540'
  app/controllers/posts_controller.rb:6:in `new'

Started POST "/__better_errors/18b3ce68d2c2c585/variables" for 127.0.0.1 at 2019-02-05 14:34:19 -0800
Started GET "/posts/new" for 127.0.0.1 at 2019-02-05 14:34:19 -0800
Processing by PostsController#new as HTML
  [1m[36mUser Load (3.5ms)[0m  [1m[34mSELECT  "users".* FROM "users" WHERE "users"."session_token" = $1 LIMIT $2[0m  [["session_token", "2IH0e0rgP4iP6n6IsyTbQg"], ["LIMIT", 1]]
  ↳ app/controllers/application_controller.rb:5
  Rendering posts/new.html.erb within layouts/application
  Rendered posts/new.html.erb within layouts/application (4.4ms)
Completed 500 Internal Server Error in 27ms (ActiveRecord: 3.5ms)



ActionController::UrlGenerationError - No route matches {:action=>"create", :controller=>"posts"}, missing required keys: [:sub_id]:
  app/views/posts/new.html.erb:3:in `_app_views_posts_new_html_erb__1039546820269398696_70220991032800'
  app/controllers/posts_controller.rb:6:in `new'

Started POST "/__better_errors/c57d6da6c1b24d9e/variables" for 127.0.0.1 at 2019-02-05 14:34:19 -0800
Started POST "/__better_errors/c57d6da6c1b24d9e/eval" for 127.0.0.1 at 2019-02-05 14:34:51 -0800
Started POST "/__better_errors/c57d6da6c1b24d9e/eval" for 127.0.0.1 at 2019-02-05 14:34:53 -0800
Started GET "/posts/new" for 127.0.0.1 at 2019-02-05 14:35:01 -0800
Processing by PostsController#new as HTML
  [1m[36mUser Load (0.6ms)[0m  [1m[34mSELECT  "users".* FROM "users" WHERE "users"."session_token" = $1 LIMIT $2[0m  [["session_token", "2IH0e0rgP4iP6n6IsyTbQg"], ["LIMIT", 1]]
  ↳ app/controllers/application_controller.rb:5
  Rendering posts/new.html.erb within layouts/application
  Rendered posts/new.html.erb within layouts/application (3.3ms)
Started POST "/__better_errors/c57d6da6c1b24d9e/eval" for 127.0.0.1 at 2019-02-05 14:35:23 -0800
  Rendering posts/new.html.erb within layouts/application
  Rendered posts/new.html.erb within layouts/application (4.7ms)
Completed 500 Internal Server Error in 21856ms (ActiveRecord: 11.9ms)



ActionController::UrlGenerationError - No route matches {:action=>"create", :controller=>"posts"}, missing required keys: [:sub_id]:
  app/views/posts/new.html.erb:3:in `_app_views_posts_new_html_erb__1039546820269398696_70220986569780'
  app/controllers/posts_controller.rb:7:in `new'

Started POST "/__better_errors/9b69543b44bb4578/variables" for 127.0.0.1 at 2019-02-05 14:35:23 -0800
Started POST "/__better_errors/9b69543b44bb4578/eval" for 127.0.0.1 at 2019-02-05 14:35:27 -0800
Started POST "/__better_errors/9b69543b44bb4578/eval" for 127.0.0.1 at 2019-02-05 14:35:38 -0800
Started GET "/posts/" for 127.0.0.1 at 2019-02-05 14:36:56 -0800
  
ActionController::RoutingError (No route matches [GET] "/posts"):
  
actionpack (5.2.2) lib/action_dispatch/middleware/debug_exceptions.rb:65:in `call'
web-console (3.7.0) lib/web_console/middleware.rb:135:in `call_app'
web-console (3.7.0) lib/web_console/middleware.rb:30:in `block in call'
web-console (3.7.0) lib/web_console/middleware.rb:20:in `catch'
web-console (3.7.0) lib/web_console/middleware.rb:20:in `call'
actionpack (5.2.2) lib/action_dispatch/middleware/show_exceptions.rb:33:in `call'
railties (5.2.2) lib/rails/rack/logger.rb:38:in `call_app'
railties (5.2.2) lib/rails/rack/logger.rb:26:in `block in call'
activesupport (5.2.2) lib/active_support/tagged_logging.rb:71:in `block in tagged'
activesupport (5.2.2) lib/active_support/tagged_logging.rb:28:in `tagged'
activesupport (5.2.2) lib/active_support/tagged_logging.rb:71:in `tagged'
railties (5.2.2) lib/rails/rack/logger.rb:26:in `call'
sprockets-rails (3.2.1) lib/sprockets/rails/quiet_assets.rb:13:in `call'
actionpack (5.2.2) lib/action_dispatch/middleware/remote_ip.rb:81:in `call'
actionpack (5.2.2) lib/action_dispatch/middleware/request_id.rb:27:in `call'
rack (2.0.6) lib/rack/method_override.rb:22:in `call'
rack (2.0.6) lib/rack/runtime.rb:22:in `call'
activesupport (5.2.2) lib/active_support/cache/strategy/local_cache_middleware.rb:29:in `call'
actionpack (5.2.2) lib/action_dispatch/middleware/executor.rb:14:in `call'
actionpack (5.2.2) lib/action_dispatch/middleware/static.rb:127:in `call'
rack (2.0.6) lib/rack/sendfile.rb:111:in `call'
railties (5.2.2) lib/rails/engine.rb:524:in `call'
puma (3.12.0) lib/puma/configuration.rb:225:in `call'
puma (3.12.0) lib/puma/server.rb:658:in `handle_request'
puma (3.12.0) lib/puma/server.rb:472:in `process_client'
puma (3.12.0) lib/puma/server.rb:332:in `block in run'
puma (3.12.0) lib/puma/thread_pool.rb:133:in `block in spawn_thread'
Started GET "/subs" for 127.0.0.1 at 2019-02-05 14:37:02 -0800
Processing by SubsController#index as HTML
  Rendering subs/index.html.erb within layouts/application
  [1m[36mSub Load (1.3ms)[0m  [1m[34mSELECT "subs".* FROM "subs"[0m
  ↳ app/views/subs/index.html.erb:4
  Rendered subs/index.html.erb within layouts/application (20.2ms)
Completed 200 OK in 98ms (Views: 76.9ms | ActiveRecord: 12.0ms)


Started GET "/subs/1" for 127.0.0.1 at 2019-02-05 14:37:04 -0800
Processing by SubsController#show as HTML
  Parameters: {"id"=>"1"}
  [1m[36mSub Load (1.1ms)[0m  [1m[34mSELECT  "subs".* FROM "subs" WHERE "subs"."id" = $1 LIMIT $2[0m  [["id", 1], ["LIMIT", 1]]
  ↳ app/controllers/subs_controller.rb:26
  Rendering subs/show.html.erb within layouts/application
  Rendered subs/show.html.erb within layouts/application (0.6ms)
Completed 200 OK in 40ms (Views: 32.2ms | ActiveRecord: 1.5ms)


Started GET "/posts/new" for 127.0.0.1 at 2019-02-05 14:37:06 -0800
Processing by PostsController#new as HTML
  [1m[36mUser Load (0.9ms)[0m  [1m[34mSELECT  "users".* FROM "users" WHERE "users"."session_token" = $1 LIMIT $2[0m  [["session_token", "2IH0e0rgP4iP6n6IsyTbQg"], ["LIMIT", 1]]
  ↳ app/controllers/application_controller.rb:5
  Rendering posts/new.html.erb within layouts/application
  Rendered posts/new.html.erb within layouts/application (3.0ms)
Completed 500 Internal Server Error in 8621ms (ActiveRecord: 6.2ms)



ActionController::UrlGenerationError - No route matches {:action=>"create", :controller=>"posts"}, missing required keys: [:sub_id]:
  app/views/posts/new.html.erb:3:in `_app_views_posts_new_html_erb__1039546820269398696_70221038410160'
  app/controllers/posts_controller.rb:7:in `new'

Started POST "/__better_errors/4b3173d8927682e8/variables" for 127.0.0.1 at 2019-02-05 14:37:14 -0800
Started GET "/subs/1" for 127.0.0.1 at 2019-02-05 14:37:22 -0800
Processing by SubsController#show as HTML
  Parameters: {"id"=>"1"}
  [1m[36mSub Load (0.4ms)[0m  [1m[34mSELECT  "subs".* FROM "subs" WHERE "subs"."id" = $1 LIMIT $2[0m  [["id", 1], ["LIMIT", 1]]
  ↳ app/controllers/subs_controller.rb:26
  Rendering subs/show.html.erb within layouts/application
  Rendered subs/show.html.erb within layouts/application (0.6ms)
Completed 200 OK in 130ms (Views: 79.3ms | ActiveRecord: 9.5ms)


Started GET "/posts/new" for 127.0.0.1 at 2019-02-05 14:39:29 -0800
Processing by PostsController#new as HTML
  [1m[36mUser Load (0.5ms)[0m  [1m[34mSELECT  "users".* FROM "users" WHERE "users"."session_token" = $1 LIMIT $2[0m  [["session_token", "2IH0e0rgP4iP6n6IsyTbQg"], ["LIMIT", 1]]
  ↳ app/controllers/application_controller.rb:5
  Rendering posts/new.html.erb within layouts/application
  Rendered posts/new.html.erb within layouts/application (4.8ms)
Completed 500 Internal Server Error in 84ms (ActiveRecord: 12.5ms)



ActionController::UrlGenerationError - No route matches {:action=>"create", :controller=>"posts"}, missing required keys: [:sub_id]:
  app/views/posts/new.html.erb:3:in `_app_views_posts_new_html_erb__1039546820269398696_70221040435440'
  app/controllers/posts_controller.rb:6:in `new'

Started POST "/__better_errors/3652c33edec8342f/variables" for 127.0.0.1 at 2019-02-05 14:39:29 -0800
Started POST "/__better_errors/3652c33edec8342f/eval" for 127.0.0.1 at 2019-02-05 14:39:35 -0800
Started POST "/__better_errors/3652c33edec8342f/eval" for 127.0.0.1 at 2019-02-05 14:39:39 -0800
Started GET "/posts/new" for 127.0.0.1 at 2019-02-05 14:42:11 -0800
Processing by PostsController#new as HTML
  [1m[36mUser Load (0.7ms)[0m  [1m[34mSELECT  "users".* FROM "users" WHERE "users"."session_token" = $1 LIMIT $2[0m  [["session_token", "2IH0e0rgP4iP6n6IsyTbQg"], ["LIMIT", 1]]
  ↳ app/controllers/application_controller.rb:5
  Rendering posts/new.html.erb within layouts/application
  Rendered posts/new.html.erb within layouts/application (0.7ms)
Completed 200 OK in 138ms (Views: 134.9ms | ActiveRecord: 0.7ms)


Started GET "/posts/new" for 127.0.0.1 at 2019-02-05 14:43:02 -0800
Processing by PostsController#new as HTML
  [1m[36mUser Load (0.4ms)[0m  [1m[34mSELECT  "users".* FROM "users" WHERE "users"."session_token" = $1 LIMIT $2[0m  [["session_token", "2IH0e0rgP4iP6n6IsyTbQg"], ["LIMIT", 1]]
  ↳ app/controllers/application_controller.rb:5
  Rendering posts/new.html.erb within layouts/application
  Rendered posts/new.html.erb within layouts/application (0.7ms)
Completed 200 OK in 97ms (Views: 26.8ms | ActiveRecord: 13.1ms)


Started GET "/posts/new" for 127.0.0.1 at 2019-02-05 14:43:19 -0800
Processing by PostsController#new as HTML
  [1m[36mUser Load (0.7ms)[0m  [1m[34mSELECT  "users".* FROM "users" WHERE "users"."session_token" = $1 LIMIT $2[0m  [["session_token", "2IH0e0rgP4iP6n6IsyTbQg"], ["LIMIT", 1]]
  ↳ app/controllers/application_controller.rb:5
  Rendering posts/new.html.erb within layouts/application
  Rendered posts/new.html.erb within layouts/application (0.7ms)
Completed 200 OK in 52ms (Views: 49.3ms | ActiveRecord: 0.7ms)


Started GET "/posts/new" for 127.0.0.1 at 2019-02-05 14:43:20 -0800
Processing by PostsController#new as HTML
  [1m[36mUser Load (0.4ms)[0m  [1m[34mSELECT  "users".* FROM "users" WHERE "users"."session_token" = $1 LIMIT $2[0m  [["session_token", "2IH0e0rgP4iP6n6IsyTbQg"], ["LIMIT", 1]]
  ↳ app/controllers/application_controller.rb:5
  Rendering posts/new.html.erb within layouts/application
  Rendered posts/new.html.erb within layouts/application (1.3ms)
Completed 200 OK in 57ms (Views: 55.5ms | ActiveRecord: 0.4ms)


  [1m[35m (0.3ms)[0m  [1m[34mSELECT pg_try_advisory_lock(688274183373989625)[0m
  ↳ bin/rails:9
  [1m[35m (14.6ms)[0m  [1m[34mSELECT "schema_migrations"."version" FROM "schema_migrations" ORDER BY "schema_migrations"."version" ASC[0m
  ↳ bin/rails:9
Migrating to CreatePostSubs (20190205224413)
  [1m[35m (0.3ms)[0m  [1m[35mBEGIN[0m
  ↳ bin/rails:9
  [1m[35m (21.6ms)[0m  [1m[35mCREATE TABLE "post_subs" ("id" bigserial primary key, "post_id" integer NOT NULL, "sub_id" integer NOT NULL, "created_at" timestamp NOT NULL, "updated_at" timestamp NOT NULL)[0m
  ↳ db/migrate/20190205224413_create_post_subs.rb:3
  [1m[35m (1.6ms)[0m  [1m[35mCREATE  INDEX  "index_post_subs_on_post_id" ON "post_subs"  ("post_id")[0m
  ↳ db/migrate/20190205224413_create_post_subs.rb:9
  [1m[35m (1.5ms)[0m  [1m[35mCREATE  INDEX  "index_post_subs_on_sub_id" ON "post_subs"  ("sub_id")[0m
  ↳ db/migrate/20190205224413_create_post_subs.rb:10
  [1m[36mActiveRecord::SchemaMigration Create (0.6ms)[0m  [1m[32mINSERT INTO "schema_migrations" ("version") VALUES ($1) RETURNING "version"[0m  [["version", "20190205224413"]]
  ↳ bin/rails:9
  [1m[35m (45.9ms)[0m  [1m[35mCOMMIT[0m
  ↳ bin/rails:9
  [1m[36mActiveRecord::InternalMetadata Load (0.6ms)[0m  [1m[34mSELECT  "ar_internal_metadata".* FROM "ar_internal_metadata" WHERE "ar_internal_metadata"."key" = $1 LIMIT $2[0m  [["key", "environment"], ["LIMIT", 1]]
  ↳ bin/rails:9
  [1m[35m (0.2ms)[0m  [1m[35mBEGIN[0m
  ↳ bin/rails:9
  [1m[35m (0.2ms)[0m  [1m[35mCOMMIT[0m
  ↳ bin/rails:9
  [1m[35m (0.3ms)[0m  [1m[34mSELECT pg_advisory_unlock(688274183373989625)[0m
  ↳ bin/rails:9
  [1m[35m (0.3ms)[0m  [1m[34mSELECT "schema_migrations"."version" FROM "schema_migrations" ORDER BY "schema_migrations"."version" ASC[0m
  ↳ bin/rails:9
  [1m[35m (1.5ms)[0m  [1m[34mSELECT "schema_migrations"."version" FROM "schema_migrations" ORDER BY "schema_migrations"."version" ASC[0m
  ↳ /usr/local/var/rbenv/versions/2.5.0/bin/annotate:23
